==5798== Memcheck, a memory error detector
==5798== Copyright (C) 2002-2017, and GNU GPL'd, by Julian Seward et al.
==5798== Using Valgrind-3.13.0 and LibVEX; rerun with -h for copyright info
==5798== Command: bin/bourse -p 9999
==5798== Parent PID: 5786
==5798== 
==5798== 
==5798== FILE DESCRIPTORS: 8 open at exit.
==5798== Open AF_INET socket 5: 0.0.0.0:40423 <-> unbound
==5798==    at 0x517DEC7: socket (syscall-template.S:78)
==5798==    by 0x10B601: open_listenfd (in /home/student/hallu/hw5/bin/bourse)
==5798==    by 0x10B72C: Open_listenfd (in /home/student/hallu/hw5/bin/bourse)
==5798==    by 0x10A1E6: main (in /home/student/hallu/hw5/bin/bourse)
==5798== 
==5798== Open file descriptor 13: /dev/shm/bxf_arena_5784 (deleted)
==5798==    <inherited from parent>
==5798== 
==5798== Open file descriptor 11: /dev/shm/bxf_arena_5784 (deleted)
==5798==    <inherited from parent>
==5798== 
==5798== Open file descriptor 4:
==5798==    <inherited from parent>
==5798== 
==5798== Open file descriptor 3: /home/student/hallu/hw5/valgrind.out
==5798==    <inherited from parent>
==5798== 
==5798== Open file descriptor 2: /dev/pts/2
==5798==    <inherited from parent>
==5798== 
==5798== Open file descriptor 1: /dev/pts/2
==5798==    <inherited from parent>
==5798== 
==5798== Open file descriptor 0:
==5798==    <inherited from parent>
==5798== 
==5798== 
==5798== HEAP SUMMARY:
==5798==     in use at exit: 4 bytes in 1 blocks
==5798==   total heap usage: 4 allocs, 3 frees, 668 bytes allocated
==5798== 
==5798== LEAK SUMMARY:
==5798==    definitely lost: 0 bytes in 0 blocks
==5798==    indirectly lost: 0 bytes in 0 blocks
==5798==      possibly lost: 0 bytes in 0 blocks
==5798==    still reachable: 4 bytes in 1 blocks
==5798==         suppressed: 0 bytes in 0 blocks
==5798== Reachable blocks (those to which a pointer was found) are not shown.
==5798== To see them, rerun with: --leak-check=full --show-leak-kinds=all
==5798== 
==5798== For counts of detected and suppressed errors, rerun with: -v
==5798== ERROR SUMMARY: 0 errors from 0 contexts (suppressed: 0 from 0)
